#
# There is insufficient memory for the Java Runtime Environment to continue.
# Native memory allocation (malloc) failed to allocate 1048576 bytes for AllocateHeap
# Possible reasons:
#   The system is out of physical RAM or swap space
#   In 32 bit mode, the process size limit was hit
# Possible solutions:
#   Reduce memory load on the system
#   Increase physical memory or swap space
#   Check if swap backing store is full
#   Use 64 bit Java on a 64 bit OS
#   Decrease Java heap size (-Xmx/-Xms)
#   Decrease number of Java threads
#   Decrease Java thread stack sizes (-Xss)
#   Set larger code cache with -XX:ReservedCodeCacheSize=
# This output file may be truncated or incomplete.
#
#  Out of Memory Error (memory/allocation.inline.hpp:61), pid=284, tid=0x0000000000001684
#
# JRE version:  (8.0_121-b13) (build )
# Java VM: Java HotSpot(TM) 64-Bit Server VM (25.121-b13 mixed mode windows-amd64 compressed oops)
# Failed to write core dump. Minidumps are not enabled by default on client versions of Windows
#

---------------  T H R E A D  ---------------

Current thread (0x00000000030be000):  JavaThread "Unknown thread" [_thread_in_vm, id=5764, stack(0x0000000002e10000,0x0000000002f10000)]

Stack: [0x0000000002e10000,0x0000000002f10000]
[error occurred during error reporting (printing stack bounds), id 0xc0000005]

Native frames: (J=compiled Java code, j=interpreted, Vv=VM code, C=native code)


---------------  P R O C E S S  ---------------

Java Threads: ( => current thread )

Other Threads:

=>0x00000000030be000 (exited) JavaThread "Unknown thread" [_thread_in_vm, id=5764, stack(0x0000000002e10000,0x0000000002f10000)]

VM state:not at safepoint (normal execution)

VM Mutex/Monitor currently owned by a thread: None

Heap:
 PSYoungGen      total 17920K, used 307K [0x00000000ec700000, 0x00000000edb00000, 0x0000000100000000)
  eden space 15360K, 2% used [0x00000000ec700000,0x00000000ec74ccd8,0x00000000ed600000)
  from space 2560K, 0% used [0x00000000ed880000,0x00000000ed880000,0x00000000edb00000)
  to   space 2560K, 0% used [0x00000000ed600000,0x00000000ed600000,0x00000000ed880000)
 ParOldGen       total 40960K, used 0K [0x00000000c5400000, 0x00000000c7c00000, 0x00000000ec700000)
  object space 40960K, 0% used [0x00000000c5400000,0x00000000c5400000,0x00000000c7c00000)
 Metaspace       used 781K, capacity 4480K, committed 4480K, reserved 1056768K
  class space    used 75K, capacity 384K, committed 384K, reserved 1048576K

Card table byte_map: [0x0000000003480000,0x0000000003660000] byte_map_base: 0x0000000002e56000

Marking Bits: (ParMarkBitMap*) 0x000000005f63b6d0
 Begin Bits: [0x0000000003ba0000, 0x0000000004a50000)
 End Bits:   [0x0000000004a50000, 0x0000000005900000)

Polling page: 0x0000000002f20000

CodeCache: size=245760Kb used=327Kb max_used=327Kb free=245432Kb
 bounds [0x000000000f010000, 0x000000000f280000, 0x000000001e010000]
 total_blobs=57 nmethods=0 adapters=38
 compilation: enabled

Compilation events (0 events):
No events

GC Heap History (0 events):
No events

Deoptimization events (0 events):
No events

Internal exceptions (0 events):
No events

Events (10 events):
Event: 0.352 loading class java/lang/Short
Event: 0.352 loading class java/lang/Short done
Event: 0.352 loading class java/lang/Integer
Event: 0.352 loading class java/lang/Integer done
Event: 0.352 loading class java/lang/Long
Event: 0.353 loading class java/lang/Long done
Event: 0.355 loading class java/lang/NullPointerException
Event: 0.355 loading class java/lang/NullPointerException done
Event: 0.355 loading class java/lang/ArithmeticException
Event: 0.355 loading class java/lang/ArithmeticException done


Dynamic libraries:
0x00007ff600760000 - 0x00007ff600797000 	C:\Program Files\Java\jdk1.8.0_121\bin\javaw.exe
0x00007ffd870a0000 - 0x00007ffd87271000 	C:\WINDOWS\SYSTEM32\ntdll.dll
0x00007ffd84640000 - 0x00007ffd846ec000 	C:\WINDOWS\System32\KERNEL32.DLL
0x00007ffd83e50000 - 0x00007ffd8406d000 	C:\WINDOWS\System32\KERNELBASE.dll
0x00007ffd853b0000 - 0x00007ffd85452000 	C:\WINDOWS\System32\ADVAPI32.dll
0x00007ffd85020000 - 0x00007ffd850be000 	C:\WINDOWS\System32\msvcrt.dll
0x00007ffd86c40000 - 0x00007ffd86c99000 	C:\WINDOWS\System32\sechost.dll
0x00007ffd85220000 - 0x00007ffd85341000 	C:\WINDOWS\System32\RPCRT4.dll
0x00007ffd84700000 - 0x00007ffd84865000 	C:\WINDOWS\System32\USER32.dll
0x00007ffd84610000 - 0x00007ffd8462e000 	C:\WINDOWS\System32\win32u.dll
0x00007ffd85550000 - 0x00007ffd85584000 	C:\WINDOWS\System32\GDI32.dll
0x00007ffd835e0000 - 0x00007ffd83762000 	C:\WINDOWS\System32\gdi32full.dll
0x00007ffd7f400000 - 0x00007ffd7f67a000 	C:\WINDOWS\WinSxS\amd64_microsoft.windows.common-controls_6595b64144ccf1df_6.0.14393.953_none_42151e83c686086b\COMCTL32.dll
0x00007ffd86ca0000 - 0x00007ffd86f68000 	C:\WINDOWS\System32\combase.dll
0x00007ffd842d0000 - 0x00007ffd843c5000 	C:\WINDOWS\System32\ucrtbase.dll
0x00007ffd843d0000 - 0x00007ffd8443a000 	C:\WINDOWS\System32\bcryptPrimitives.dll
0x00007ffd84870000 - 0x00007ffd8489e000 	C:\WINDOWS\System32\IMM32.DLL
0x00007ffd83410000 - 0x00007ffd8343f000 	C:\Windows\system32\nvinitx.dll
0x00007ffd83400000 - 0x00007ffd8340a000 	C:\WINDOWS\SYSTEM32\VERSION.dll
0x000000000f000000 - 0x000000000f006000 	C:\Program Files\NVIDIA Corporation\CoProcManager\_etoured.dll
0x00007ffd817a0000 - 0x00007ffd817d3000 	C:\Program Files\NVIDIA Corporation\CoProcManager\nvd3d9wrapx.dll
0x00007ffd848a0000 - 0x00007ffd84cc9000 	C:\WINDOWS\System32\SETUPAPI.dll
0x00007ffd83590000 - 0x00007ffd835d2000 	C:\WINDOWS\System32\cfgmgr32.dll
0x00007ffd81770000 - 0x00007ffd81793000 	C:\Program Files\NVIDIA Corporation\CoProcManager\nvdxgiwrapx.dll
0x000000005f6c0000 - 0x000000005f792000 	C:\Program Files\Java\jdk1.8.0_121\jre\bin\msvcr100.dll
0x000000005ee20000 - 0x000000005f6bb000 	C:\Program Files\Java\jdk1.8.0_121\jre\bin\server\jvm.dll
0x00007ffd85460000 - 0x00007ffd85468000 	C:\WINDOWS\System32\PSAPI.DLL
0x00007ffd7fbd0000 - 0x00007ffd7fbd9000 	C:\WINDOWS\SYSTEM32\WSOCK32.dll
0x00007ffd816d0000 - 0x00007ffd816f3000 	C:\WINDOWS\SYSTEM32\WINMM.dll
0x00007ffd86f70000 - 0x00007ffd86fda000 	C:\WINDOWS\System32\WS2_32.dll
0x00000000014e0000 - 0x000000000150b000 	C:\WINDOWS\SYSTEM32\WINMMBASE.dll
0x000000005f870000 - 0x000000005f87f000 	C:\Program Files\Java\jdk1.8.0_121\jre\bin\verify.dll
0x000000005f840000 - 0x000000005f869000 	C:\Program Files\Java\jdk1.8.0_121\jre\bin\java.dll
0x000000005f800000 - 0x000000005f835000 	C:\Program Files\Java\jdk1.8.0_121\jre\bin\jdwp.dll
0x000000005f7f0000 - 0x000000005f7f8000 	C:\Program Files\Java\jdk1.8.0_121\jre\bin\npt.dll
0x000000005f7d0000 - 0x000000005f7e6000 	C:\Program Files\Java\jdk1.8.0_121\jre\bin\zip.dll

VM Arguments:
jvm_args: -agentlib:jdwp=transport=dt_socket,suspend=y,address=localhost:62159 -Dfile.encoding=Cp1252 
java_command: Main
java_class_path (initial): C:\Users\davox\Desktop\DLP\git\DLP\Projects\Lab_09_codeGeneration\bin;C:\Users\davox\Desktop\DLP\git\DLP\Projects\Lab_09_codeGeneration\lib\introspector.jar
Launcher Type: SUN_STANDARD

Environment Variables:
PATH=C:\Program Files\Java\jdk1.8.0_121\jre\bin;C:/Program Files/Java/jre1.8.0_121/bin/server;C:/Program Files/Java/jre1.8.0_121/bin;C:/Program Files/Java/jre1.8.0_121/lib/amd64;C:\ProgramData\Oracle\Java\javapath;C:\WINDOWS\system32;C:\WINDOWS;C:\WINDOWS\System32\Wbem;C:\WINDOWS\System32\WindowsPowerShell\v1.0\;C:\WINDOWS\system32\config\systemprofile\.dnx\bin;C:\Program Files\Microsoft DNX\Dnvm\;C:\Program Files\Git\cmd;C:\Program Files\nodejs\;C:\Users\davox\AppData\Local\Microsoft\WindowsApps;C:\Users\davox\AppData\Roaming\npm;C:\Users\davox\Desktop;
USERNAME=davox
OS=Windows_NT
PROCESSOR_IDENTIFIER=Intel64 Family 6 Model 37 Stepping 5, GenuineIntel



---------------  S Y S T E M  ---------------

OS: Windows 10.0 , 64 bit Build 14393 (10.0.14393.1198)

CPU:total 4 (2 cores per cpu, 2 threads per core) family 6 model 37 stepping 5, cmov, cx8, fxsr, mmx, sse, sse2, sse3, ssse3, sse4.1, sse4.2, popcnt, ht, tsc, tscinvbit

Memory: 4k page, physical 3845984k(607248k free), swap 4829024k(4572k free)

vm_info: Java HotSpot(TM) 64-Bit Server VM (25.121-b13) for windows-amd64 JRE (1.8.0_121-b13), built on Dec 12 2016 18:21:36 by "java_re" with MS VC++ 10.0 (VS2010)

time: Tue May 23 16:32:10 2017
elapsed time: 2 seconds (0d 0h 0m 2s)

